<?xml version="1.0" encoding="UTF-8" standalone="yes" ?>
<test-results name="C:\DesafioEstagio\Tests\Win32\Debug\CineVerseTests.exe" total="2" errors="0" failures="0" ignored="0" inconclusive="0" not-run="0" skipped="0" invalid="0" date="2026-05-11" time="0.009">
  <culture-info current-culture="en" current-uiculture="en" />
  <test-suite type="Assembly" name="CineVerseTests.exe" executed="true" result="Success" success="True" time="0.009" asserts="0">
    <results>
        <test-suite type="Namespace" name="uTestCharacterService" executed="true" result="Success" success="True" time="0.009" asserts="0" >
          <results>
              <test-suite type="Fixture" name="TTestCharacterService" executed="True" result="Success" success="True" time="0.009" >
                <results>
                  <test-case name="Test_LoadFromJson_JsonValido_DeveRetornarListaPreenchida" executed="True" result="Success" success="True" time="0.000" asserts="0" />
                  <test-case name="Test_LoadFromJson_StringVazia_DeveRetornarListaVazia" executed="True" result="Success" success="True" time="0.000" asserts="0" />
                </results>
              </test-suite>
          </results>
        </test-suite>
    </results>
  </test-suite>
</test-results>
